<?xml version="1.0" encoding="UTF-8"?>
<!-- Generated by org.testng.reporters.JUnitXMLReporter -->
<testsuite ignored="0" hostname="DTC-5CG2252K6H" failures="1" tests="2" name="Test" time="9.858" errors="0" timestamp="24 Jul 2025 14:04:14 GMT">
  <testcase classname="testClasses.LoginTest" name="executeLoginTest" time="0.214"/>
  <testcase classname="testClasses.RegisterTest" name="validationRegistrationLink" time="0.002">
    <failure type="java.lang.AssertionError" message="expected [true] but found [false]">
      <![CDATA[java.lang.AssertionError: expected [true] but found [false]
at testClasses.RegisterTest.validationRegistrationLink(RegisterTest.java:31)
... Removed 31 stack frames]]>
    </failure>
  </testcase> <!-- validationRegistrationLink -->
</testsuite> <!-- Test -->
